<?xml version="1.0" encoding="UTF-8"?>
<testng-results ignored="0" total="1" passed="1" failed="0" skipped="0">
  <reporter-output>
  </reporter-output>
  <suite started-at="2018-10-21T16:23:35Z" name="Default suite" finished-at="2018-10-21T16:24:15Z" duration-ms="39793">
    <groups>
    </groups>
    <test started-at="2018-10-21T16:23:35Z" name="Default test" finished-at="2018-10-21T16:24:15Z" duration-ms="39793">
      <class name="BarcodeAutomation.test.BarcodeAutomation">
        <test-method signature="Barcode()[pri:0, instance:BarcodeAutomation.test.BarcodeAutomation@7b02881e]" started-at="2018-10-21T16:23:35Z" name="Barcode" finished-at="2018-10-21T16:24:15Z" duration-ms="39708" status="PASS">
          <reporter-output>
          </reporter-output>
        </test-method> <!-- Barcode -->
      </class> <!-- BarcodeAutomation.test.BarcodeAutomation -->
    </test> <!-- Default test -->
  </suite> <!-- Default suite -->
</testng-results>
